<?xml version="1.0" encoding="UTF-8"?>
<testng-results ignored="0" total="1" passed="1" failed="0" skipped="0">
  <reporter-output>
  </reporter-output>
  <suite started-at="2022-03-15T20:57:02 EDT" name="Default suite" finished-at="2022-03-15T20:57:06 EDT" duration-ms="3998">
    <groups>
    </groups>
    <test started-at="2022-03-15T20:57:02 EDT" name="Default test" finished-at="2022-03-15T20:57:06 EDT" duration-ms="3998">
      <class name="com.testscenarios.FBEmailEdit">
        <test-method signature="f()[pri:0, instance:com.testscenarios.FBEmailEdit@a530d0a]" started-at="2022-03-15T20:57:02 EDT" name="f" finished-at="2022-03-15T20:57:06 EDT" duration-ms="3950" status="PASS">
          <reporter-output>
          </reporter-output>
        </test-method> <!-- f -->
      </class> <!-- com.testscenarios.FBEmailEdit -->
    </test> <!-- Default test -->
  </suite> <!-- Default suite -->
</testng-results>
